
2022-01-27 12:23:55,639        INFO-20                   client                       Клиент присоединился к серверу
2022-01-27 12:24:14,159        INFO-20                   client                       Клиент присоединился к серверу
2022-01-27 12:25:43,050        ERROR-40                   client                       Клиент не присоединился к сераеру
2022-01-27 12:27:11,405        ERROR-40                   client                       Клиент не присоединился к сераеру
2022-01-27 12:27:55,347        ERROR-40                   client                       Клиент не присоединился к сераеру
2022-01-27 12:32:30,735        ERROR-40                   client                       Клиент не присоединился к серверу
2022-01-27 12:32:30,736        ERROR-40                   client                       Некоректный ответ от сервера при попытке клиета подключиться
2022-01-27 12:32:30,736        ERROR-40                   client                       Некоректный ответ от сервера при попытке клиета подключиться
2022-01-27 12:32:30,736        ERROR-40                   client                       Не удалось декодировать сообщение сервера.
2022-01-27 12:33:22,843        ERROR-40                   client                       Клиент не присоединился к серверу
2022-01-27 12:33:22,843        ERROR-40                   client                       Некоректный ответ от сервера при попытке клиета подключиться
2022-01-27 12:33:22,843        ERROR-40                   client                       Некоректный ответ от сервера при попытке клиета подключиться
2022-01-27 12:33:22,843        ERROR-40                   client                       Не удалось декодировать сообщение сервера.
2022-01-27 12:33:30,476        INFO-20                   client                       Клиент присоединился к серверу
2022-01-27 12:34:42,401        ERROR-40                   client                       В качестве порта может быть указано только число от 1024 до 65535.Process finished with exit code 1 
2022-01-27 12:38:28,425        INFO-20                   client                       Клиент присоединился к серверу
2022-01-27 12:39:13,199        INFO-20                   client                       Клиент присоединился к серверу
2022-01-27 12:43:43,351        INFO-20                   client                       Клиент присоединился к серверу
2022-01-27 12:50:38,915        INFO-20                   client                       Клиент присоединился к серверу
2022-01-27 12:51:09,076        INFO-20                   client                       Клиент присоединился к серверу
2022-01-27 12:52:22,998        ERROR-40                   client                       Не удалось декодировать сообщение сервера.
2022-01-27 12:52:41,578        ERROR-40                   client                       Не удалось декодировать сообщение сервера.
2022-01-27 12:59:04,747        INFO-20                   client                       Клиент присоединился к серверу
