
2022-01-27 12:23:55,638 INFO(20) server       Клиент- Guest подключился к серверу(отправил корректный запрос)
2022-01-27 12:24:14,158 INFO(20) server       Клиент- Guest подключился к серверу(отправил корректный запрос)
2022-01-27 12:25:43,050 ERROR(40) server       Клиент отправил некорректный запрос на подключение
2022-01-27 12:27:11,404 INFO(20) server       Клиент- Guest подключился к серверу(отправил корректный запрос)
2022-01-27 12:27:55,347 INFO(20) server       Клиент- Guest подключился к серверу(отправил корректный запрос)
2022-01-27 12:32:30,735 INFO(20) server       Клиент- Guest подключился к серверу(отправил корректный запрос)
2022-01-27 12:33:22,842 INFO(20) server       Клиент- Guest подключился к серверу(отправил корректный запрос)
2022-01-27 12:33:30,475 INFO(20) server       Клиент- Guest подключился к серверу(отправил корректный запрос)
2022-01-27 12:35:11,966 CRITICAL(50) server       Номер порта не удовлетворяет условию -от 1024 до 65535.Переданный порт- 807.Process finished with exit code 1
2022-01-27 12:38:28,406 INFO(20) server       Клиент- Guest подключился к серверу(отправил корректный запрос)
2022-01-27 12:39:13,198 INFO(20) server       Клиент- Guest подключился к серверу(отправил корректный запрос)
2022-01-27 12:43:43,349 INFO(20) server       Клиент- Guest подключился к серверу(отправил корректный запрос)
2022-01-27 12:50:38,914 INFO(20) server       Клиент- Guest подключился к серверу(отправил корректный запрос)
2022-01-27 12:51:09,076 INFO(20) server       Клиент- Guest подключился к серверу(отправил корректный запрос)
2022-01-27 12:52:22,997 INFO(20) server       Клиент- Guest подключился к серверу(отправил корректный запрос)
2022-01-27 12:57:26,457 WARNING(30) server       Принято некорретное сообщение от клиента.
2022-01-27 12:59:04,746 INFO(20) server       Клиент- Guest подключился к серверу(отправил корректный запрос)
2022-01-27 13:02:47,688 CRITICAL(50) server_log_config new_messages
2022-01-27 13:02:47,688 ERROR(40) server_log_config error_message
2022-01-27 13:02:47,689 DEBUG(10) server_log_config debug-messages
